[22-Mar-2019 07:27:36 UTC] PHP Parse error:  syntax error, unexpected '$view' (T_VARIABLE) in /home/eagermeets2019/public_html/app/Http/ViewComposers/CommonViewComposer.php on line 26
[22-Mar-2019 07:27:36 UTC] PHP Fatal error:  Exception thrown without a stack frame in Unknown on line 0
[22-Mar-2019 07:28:31 UTC] PHP Fatal error:  Uncaught Symfony\Component\Console\Exception\CommandNotFoundException: The command "php artisan env:set Test_Stripe Example" does not exist. in /home/eagermeets2019/public_html/vendor/laravel/framework/src/Illuminate/Console/Application.php:179
Stack trace:
#0 /home/eagermeets2019/public_html/vendor/laravel/framework/src/Illuminate/Foundation/Console/Kernel.php(250): Illuminate\Console\Application->call('php artisan env...', Array, NULL)
#1 /home/eagermeets2019/public_html/vendor/laravel/framework/src/Illuminate/Support/Facades/Facade.php(223): Illuminate\Foundation\Console\Kernel->call('php artisan env...')
#2 /home/eagermeets2019/public_html/app/Http/ViewComposers/CommonViewComposer.php(24): Illuminate\Support\Facades\Facade::__callStatic('call', Array)
#3 [internal function]: App\Http\ViewComposers\CommonViewComposer->compose(Object(Illuminate\View\View))
#4 /home/eagermeets2019/public_html/vendor/laravel/framework/src/Illuminate/View/Concerns/ManagesEvents.php(125): call_user_func_array(Array, Array)
#5 / in /home/eagermeets2019/public_html/vendor/laravel/framework/src/Illuminate/Console/Application.php on line 179
[22-Mar-2019 07:29:07 UTC] PHP Fatal error:  Uncaught Symfony\Component\Console\Exception\CommandNotFoundException: The command "env:set Test_Stripe Example" does not exist. in /home/eagermeets2019/public_html/vendor/laravel/framework/src/Illuminate/Console/Application.php:179
Stack trace:
#0 /home/eagermeets2019/public_html/vendor/laravel/framework/src/Illuminate/Foundation/Console/Kernel.php(250): Illuminate\Console\Application->call('env:set Test_St...', Array, NULL)
#1 /home/eagermeets2019/public_html/vendor/laravel/framework/src/Illuminate/Support/Facades/Facade.php(223): Illuminate\Foundation\Console\Kernel->call('env:set Test_St...')
#2 /home/eagermeets2019/public_html/app/Http/ViewComposers/CommonViewComposer.php(24): Illuminate\Support\Facades\Facade::__callStatic('call', Array)
#3 [internal function]: App\Http\ViewComposers\CommonViewComposer->compose(Object(Illuminate\View\View))
#4 /home/eagermeets2019/public_html/vendor/laravel/framework/src/Illuminate/View/Concerns/ManagesEvents.php(125): call_user_func_array(Array, Array)
#5 /home/eagerme in /home/eagermeets2019/public_html/vendor/laravel/framework/src/Illuminate/Console/Application.php on line 179
[22-Mar-2019 08:29:16 UTC] PHP Fatal error:  Uncaught ErrorException: putenv() expects exactly 1 parameter, 2 given in /home/eagermeets2019/public_html/app/Http/ViewComposers/CommonViewComposer.php:27
Stack trace:
#0 [internal function]: Illuminate\Foundation\Bootstrap\HandleExceptions->handleError(2, 'putenv() expect...', '/home/eagermeet...', 27, Array)
#1 /home/eagermeets2019/public_html/app/Http/ViewComposers/CommonViewComposer.php(27): putenv('Test_Stripe', 'somedefaultvalu...')
#2 [internal function]: App\Http\ViewComposers\CommonViewComposer->compose(Object(Illuminate\View\View))
#3 /home/eagermeets2019/public_html/vendor/laravel/framework/src/Illuminate/View/Concerns/ManagesEvents.php(125): call_user_func_array(Array, Array)
#4 /home/eagermeets2019/public_html/vendor/laravel/framework/src/Illuminate/View/Concerns/ManagesEvents.php(164): Illuminate\View\Factory->Illuminate\View\Concerns\{closure}(Object(Illuminate\View\View))
#5 /home/eagermeets2019/public_html/vendor/laravel/framework/src/Illuminate/Events/Dispatcher.php(357): Illuminate\View\Fa in /home/eagermeets2019/public_html/app/Http/ViewComposers/CommonViewComposer.php on line 27
[22-Mar-2019 08:35:04 UTC] PHP Fatal error:  Uncaught Symfony\Component\Console\Exception\CommandNotFoundException: The command "php artisan env:set Test_Stripe=Example" does not exist. in /home/eagermeets2019/public_html/vendor/laravel/framework/src/Illuminate/Console/Application.php:179
Stack trace:
#0 /home/eagermeets2019/public_html/vendor/laravel/framework/src/Illuminate/Foundation/Console/Kernel.php(250): Illuminate\Console\Application->call('php artisan env...', Array, NULL)
#1 /home/eagermeets2019/public_html/vendor/laravel/framework/src/Illuminate/Support/Facades/Facade.php(223): Illuminate\Foundation\Console\Kernel->call('php artisan env...')
#2 /home/eagermeets2019/public_html/app/Http/ViewComposers/CommonViewComposer.php(24): Illuminate\Support\Facades\Facade::__callStatic('call', Array)
#3 [internal function]: App\Http\ViewComposers\CommonViewComposer->compose(Object(Illuminate\View\View))
#4 /home/eagermeets2019/public_html/vendor/laravel/framework/src/Illuminate/View/Concerns/ManagesEvents.php(125): call_user_func_array(Array, Array)
#5 / in /home/eagermeets2019/public_html/vendor/laravel/framework/src/Illuminate/Console/Application.php on line 179
